<?xml version="1.0" encoding="UTF-8" ?>
<testsuite tests="4" failures="1" name="TestSuite" time="43.495" errors="0" skipped="0">
  <properties>
    <property name="idea.version" value="2022.2.5"/>
    <property name="java.runtime.name" value="OpenJDK Runtime Environment"/>
    <property name="java.vm.version" value="21.0.1+12-29"/>
    <property name="sun.boot.library.path" value="C:\Users\user\.jdks\openjdk-21.0.1\bin"/>
    <property name="maven.multiModuleProjectDirectory" value="C:\Users\user\Desktop\Playwright_MyPrjc"/>
    <property name="java.vm.vendor" value="Oracle Corporation"/>
    <property name="java.vendor.url" value="https://java.oracle.com/"/>
    <property name="guice.disable.misplaced.annotation.check" value="true"/>
    <property name="path.separator" value=";"/>
    <property name="java.vm.name" value="OpenJDK 64-Bit Server VM"/>
    <property name="sun.os.patch.level" value=""/>
    <property name="user.script" value=""/>
    <property name="user.country" value="UA"/>
    <property name="sun.java.launcher" value="SUN_STANDARD"/>
    <property name="java.vm.specification.name" value="Java Virtual Machine Specification"/>
    <property name="user.dir" value="C:\Users\user\Desktop\Playwright_MyPrjc"/>
    <property name="java.vm.compressedOopsMode" value="32-bit"/>
    <property name="java.runtime.version" value="21.0.1+12-29"/>
    <property name="os.arch" value="amd64"/>
    <property name="java.io.tmpdir" value="C:\Users\user\AppData\Local\Temp\"/>
    <property name="line.separator" value="
"/>
    <property name="java.vm.specification.vendor" value="Oracle Corporation"/>
    <property name="user.variant" value=""/>
    <property name="stderr.encoding" value="UTF-8"/>
    <property name="os.name" value="Windows 10"/>
    <property name="maven.ext.class.path" value="C:\Program Files\JetBrains\IntelliJ IDEA Community Edition 2022.2.1\plugins\maven\lib\maven-event-listener.jar"/>
    <property name="classworlds.conf" value="C:\Program Files\JetBrains\IntelliJ IDEA Community Edition 2022.2.1\plugins\maven\lib\maven3\bin\m2.conf"/>
    <property name="sun.jnu.encoding" value="Cp1251"/>
    <property name="stdout.encoding" value="UTF-8"/>
    <property name="java.library.path" value="C:\Users\user\.jdks\openjdk-21.0.1\bin;C:\WINDOWS\Sun\Java\bin;C:\WINDOWS\system32;C:\WINDOWS;C:\Program Files (x86)\Gapotchenko\Eazfuscator.NET;C:\Program Files (x86)\Eziriz\IntelliLock;C:\Program Files (x86)\Eziriz\.NET Reactor;C:\PROGRA~2\Borland\CBUILD~1\Bin;C:\PROGRA~2\Borland\CBUILD~1\Projects\Bpl;D:\oracle\dbhomeXE\bin;C:\Program Files\Python38\Scripts\;C:\Program Files\Python38\;C:\Program Files\Common Files\Oracle\Java\javapath;C:\Program Files (x86)\Common Files\Oracle\Java\javapath;C:\WINDOWS\system32;C:\WINDOWS;C:\WINDOWS\System32\Wbem;C:\WINDOWS\System32\WindowsPowerShell\v1.0\;C:\WINDOWS\System32\OpenSSH\;C:\Program Files\PuTTY\;C:\Program Files\Microsoft VS Code\bin;C:\Program Files\Git\cmd;C:\Program Files\nodejs\;C:\Program Files\apache-maven-3.6.3\bin;C:\Program Files\TortoiseGit\bin;C:\Program Files\dotnet\;C:\Program Files\Microsoft SQL Server\130\Tools\Binn\;C:\Program Files\Java\jdk-11.0.9\bin;C:\xampp\php;D:\haxe\haxe;D:\haxe\neko;C:\Program Files\NVIDIA Corporation\NVIDIA NvDLISR;C:\Program Files (x86)\NVIDIA Corporation\PhysX\Common;C:\Android;C:\Windows\System32;C:\Program Files (x86)\dotnet\;C:\Program Files\Docker\Docker\resources\bin;C:\Users\user\scoop\shims;C:\Users\user\AppData\Local\Microsoft\WindowsApps;C:\Program Files\Java\jdk-11.0.9;C:\Users\user\AppData\Roaming\npm;C:\Users\user\.dotnet\tools;C:\Program Files (x86)\Nmap;D:\gradle-6.8.3\bin;D:\adb;C:\Users\user\AppData\Local\Programs\Fiddler;C:\Users\user\AppData\Local\GitHubDesktop\bin;C:\Users\user\Desktop\olb-autotests12\allure-2.17.1\bin;C:\Program Files\JetBrains\IntelliJ IDEA Community Edition 2022.2.1\bin;;C:\Users\user\Desktop\php;."/>
    <property name="maven.conf" value="C:\Program Files\JetBrains\IntelliJ IDEA Community Edition 2022.2.1\plugins\maven\lib\maven3/conf"/>
    <property name="jdk.debug" value="release"/>
    <property name="java.class.version" value="65.0"/>
    <property name="java.specification.name" value="Java Platform API Specification"/>
    <property name="sun.management.compiler" value="HotSpot 64-Bit Tiered Compilers"/>
    <property name="os.version" value="10.0"/>
    <property name="user.home" value="C:\Users\user"/>
    <property name="user.timezone" value="Europe/Kiev"/>
    <property name="file.encoding" value="UTF-8"/>
    <property name="java.specification.version" value="21"/>
    <property name="user.name" value="user"/>
    <property name="java.class.path" value="C:\Program Files\JetBrains\IntelliJ IDEA Community Edition 2022.2.1\plugins\maven\lib\maven3\boot\plexus-classworlds-2.6.0.jar;C:\Program Files\JetBrains\IntelliJ IDEA Community Edition 2022.2.1\plugins\maven\lib\maven3\boot\plexus-classworlds.license"/>
    <property name="java.vm.specification.version" value="21"/>
    <property name="sun.arch.data.model" value="64"/>
    <property name="sun.java.command" value="org.codehaus.classworlds.Launcher -Didea.version=2022.2.5 test"/>
    <property name="java.home" value="C:\Users\user\.jdks\openjdk-21.0.1"/>
    <property name="user.language" value="uk"/>
    <property name="java.specification.vendor" value="Oracle Corporation"/>
    <property name="java.vm.info" value="mixed mode, sharing"/>
    <property name="java.version" value="21.0.1"/>
    <property name="native.encoding" value="Cp1251"/>
    <property name="java.vendor" value="Oracle Corporation"/>
    <property name="sun.stderr.encoding" value="UTF-8"/>
    <property name="maven.home" value="C:\Program Files\JetBrains\IntelliJ IDEA Community Edition 2022.2.1\plugins\maven\lib\maven3"/>
    <property name="file.separator" value="\"/>
    <property name="java.version.date" value="2023-10-17"/>
    <property name="java.vendor.url.bug" value="https://bugreport.java.com/bugreport/"/>
    <property name="sun.io.unicode.encoding" value="UnicodeLittle"/>
    <property name="sun.cpu.endian" value="little"/>
    <property name="sun.stdout.encoding" value="UTF-8"/>
    <property name="sun.cpu.isalist" value="amd64"/>
  </properties>
  <testcase classname="org.example.tests.HomepageTest" name="verifyHeadingIsVisible" time="0.216"/>
  <testcase classname="org.example.tests.SearchVideoTest" name="searchVideo" time="35.205">
    <failure message="Error {
  message=&apos;Timeout 30000ms exceeded.
=========================== logs ===========================
waiting for locator(&quot;xpath=(//like-button-view-model[@class=&apos;YtLikeButtonViewModelHost&apos;])[1]&quot;) to be visible
============================================================
  name=&apos;TimeoutError
  stack=&apos;TimeoutError: Timeout 30000ms exceeded.
=========================== logs ===========================
waiting for locator(&quot;xpath=(//like-button-view-model[@class=&apos;YtLikeButtonViewModelHost&apos;])[1]&quot;) to be visible
============================================================
    at ProgressController.run (C:\Users\user\AppData\Local\Temp\playwright-java-307849707808395397\package\lib\server\progress.js:88:26)
    at Frame.waitForSelector (C:\Users\user\AppData\Local\Temp\playwright-java-307849707808395397\package\lib\server\frames.js:618:23)
    at FrameDispatcher.waitForSelector (C:\Users\user\AppData\Local\Temp\playwright-java-307849707808395397\package\lib\server\dispatchers\frameDispatcher.js:103:103)
    at DispatcherConnection.dispatch (C:\Users\user\AppData\Local\Temp\playwright-java-307849707808395397\package\lib\server\dispatchers\dispatcher.js:313:46)
}" type="com.microsoft.playwright.TimeoutError">com.microsoft.playwright.TimeoutError: Error {
  message=&apos;Timeout 30000ms exceeded.
=========================== logs ===========================
waiting for locator(&quot;xpath=(//like-button-view-model[@class=&apos;YtLikeButtonViewModelHost&apos;])[1]&quot;) to be visible
============================================================
  name=&apos;TimeoutError
  stack=&apos;TimeoutError: Timeout 30000ms exceeded.
=========================== logs ===========================
waiting for locator(&quot;xpath=(//like-button-view-model[@class=&apos;YtLikeButtonViewModelHost&apos;])[1]&quot;) to be visible
============================================================
    at ProgressController.run (C:\Users\user\AppData\Local\Temp\playwright-java-307849707808395397\package\lib\server\progress.js:88:26)
    at Frame.waitForSelector (C:\Users\user\AppData\Local\Temp\playwright-java-307849707808395397\package\lib\server\frames.js:618:23)
    at FrameDispatcher.waitForSelector (C:\Users\user\AppData\Local\Temp\playwright-java-307849707808395397\package\lib\server\dispatchers\frameDispatcher.js:103:103)
    at DispatcherConnection.dispatch (C:\Users\user\AppData\Local\Temp\playwright-java-307849707808395397\package\lib\server\dispatchers\dispatcher.js:313:46)
}
	at com.microsoft.playwright.impl.WaitableResult.get(WaitableResult.java:52)
	at com.microsoft.playwright.impl.ChannelOwner.runUntil(ChannelOwner.java:111)
	at com.microsoft.playwright.impl.Connection.sendMessage(Connection.java:126)
	at com.microsoft.playwright.impl.ChannelOwner.sendMessage(ChannelOwner.java:102)
	at com.microsoft.playwright.impl.FrameImpl.waitForSelectorImpl(FrameImpl.java:1064)
	at com.microsoft.playwright.impl.LocatorImpl.lambda$waitForImpl$7(LocatorImpl.java:594)
	at com.microsoft.playwright.impl.LoggingSupport.withLogging(LoggingSupport.java:47)
	at com.microsoft.playwright.impl.ChannelOwner.withLogging(ChannelOwner.java:87)
	at com.microsoft.playwright.impl.LocatorImpl.waitForImpl(LocatorImpl.java:594)
	at com.microsoft.playwright.impl.LocatorImpl.waitFor(LocatorImpl.java:590)
	at com.microsoft.playwright.Locator.waitFor(Locator.java:5062)
	at org.example.pages.SearchPage.getLikeButton(SearchPage.java:37)
	at org.example.tests.SearchVideoTest.searchVideo(SearchVideoTest.java:25)
Caused by: com.microsoft.playwright.TimeoutError: Error {
  message=&apos;Timeout 30000ms exceeded.
=========================== logs ===========================
waiting for locator(&quot;xpath=(//like-button-view-model[@class=&apos;YtLikeButtonViewModelHost&apos;])[1]&quot;) to be visible
============================================================
  name=&apos;TimeoutError
  stack=&apos;TimeoutError: Timeout 30000ms exceeded.
=========================== logs ===========================
waiting for locator(&quot;xpath=(//like-button-view-model[@class=&apos;YtLikeButtonViewModelHost&apos;])[1]&quot;) to be visible
============================================================
    at ProgressController.run (C:\Users\user\AppData\Local\Temp\playwright-java-307849707808395397\package\lib\server\progress.js:88:26)
    at Frame.waitForSelector (C:\Users\user\AppData\Local\Temp\playwright-java-307849707808395397\package\lib\server\frames.js:618:23)
    at FrameDispatcher.waitForSelector (C:\Users\user\AppData\Local\Temp\playwright-java-307849707808395397\package\lib\server\dispatchers\frameDispatcher.js:103:103)
    at DispatcherConnection.dispatch (C:\Users\user\AppData\Local\Temp\playwright-java-307849707808395397\package\lib\server\dispatchers\dispatcher.js:313:46)
}
	at com.microsoft.playwright.impl.Connection.dispatch(Connection.java:224)
	at com.microsoft.playwright.impl.Connection.processOneMessage(Connection.java:206)
	at com.microsoft.playwright.impl.ChannelOwner.runUntil(ChannelOwner.java:109)
	... 45 more
</failure>
    <system-out>-- Success --
</system-out>
  </testcase>
  <testcase classname="org.example.tests.ShortsTest" name="shortsTest" time="3.457"/>
  <testcase classname="org.example.tests.VerifyUnaccessTest" name="verifyUnaccess" time="4.617"/>
</testsuite>