<?xml version="1.0" encoding="UTF-8"?>
<!-- Generated by org.testng.reporters.JUnitReportReporter -->
<testsuite hostname="DESKTOP-7GCLRK2" failures="0" tests="1" name="org.example.tests.SearchVideoTest" time="7.907" errors="0" timestamp="2023-12-07T00:03:48 EET" skipped="0">
  <testcase classname="org.example.tests.SearchVideoTest" name="searchVideo" time="7.907"/>
</testsuite> <!-- org.example.tests.SearchVideoTest -->
