<?xml version="1.0" encoding="UTF-8"?>
<!-- Generated by org.testng.reporters.JUnitReportReporter -->
<testsuite hostname="DESKTOP-7GCLRK2" failures="0" tests="1" name="org.example.tests.SearchVideoTest" time="11.144" errors="1" timestamp="2023-12-05T23:56:13 EET" skipped="0">
  <testcase classname="org.example.tests.SearchVideoTest" name="searchVideo" time="11.144">
    <error message="Error {
  message=&#039;Error: strict mode violation: locator(&quot;xpath=//yt-button-shape[@id=&#039;subscribe-button-shape&#039;]&quot;) resolved to 2 elements:
    1) &lt;yt-button-shape version=&quot;modern&quot; id=&quot;subscribe-button-shape&quot; cla…&gt;…&lt;/yt-button-shape&gt; aka locator(&quot;#owner #subscribe-button-shape&quot;)
    2) &lt;yt-button-shape version=&quot;modern&quot; id=&quot;subscribe-button-shape&quot; cla…&gt;…&lt;/yt-button-shape&gt; aka locator(&quot;#meta-contents #subscribe-button-shape&quot;)

=========================== logs ===========================
waiting for locator(&quot;xpath=//yt-button-shape[@id=&#039;subscribe-button-shape&#039;]&quot;) to be visible
============================================================
  name=&#039;Error
  stack=&#039;Error: Error: strict mode violation: locator(&quot;xpath=//yt-button-shape[@id=&#039;subscribe-button-shape&#039;]&quot;) resolved to 2 elements:
    1) &lt;yt-button-shape version=&quot;modern&quot; id=&quot;subscribe-button-shape&quot; cla…&gt;…&lt;/yt-button-shape&gt; aka locator(&quot;#owner #subscribe-button-shape&quot;)
    2) &lt;yt-button-shape version=&quot;modern&quot; id=&quot;subscribe-button-shape&quot; cla…&gt;…&lt;/yt-button-shape&gt; aka locator(&quot;#meta-contents #subscribe-button-shape&quot;)

=========================== logs ===========================
waiting for locator(&quot;xpath=//yt-button-shape[@id=&#039;subscribe-button-shape&#039;]&quot;) to be visible
============================================================
    at CRExecutionContext.evaluateWithArguments (C:\Users\user\AppData\Local\Temp\playwright-java-5618149587187685053\package\lib\server\chromium\crExecutionContext.js:92:33)
    at async LongStandingScope._race (C:\Users\user\AppData\Local\Temp\playwright-java-5618149587187685053\package\lib\utils\manualPromise.js:98:14)
    at async evaluateExpression (C:\Users\user\AppData\Local\Temp\playwright-java-5618149587187685053\package\lib\server\javascript.js:241:12)
    at async C:\Users\user\AppData\Local\Temp\playwright-java-5618149587187685053\package\lib\server\frames.js:627:24
    at async Frame.retryWithProgressAndTimeouts (C:\Users\user\AppData\Local\Temp\playwright-java-5618149587187685053\package\lib\server\frames.js:911:24)
    at async ProgressController.run (C:\Users\user\AppData\Local\Temp\playwright-java-5618149587187685053\package\lib\server\progress.js:92:22)
    at async FrameDispatcher.waitForSelector (C:\Users\user\AppData\Local\Temp\playwright-java-5618149587187685053\package\lib\server\dispatchers\frameDispatcher.js:103:85)
    at async DispatcherConnection.dispatch (C:\Users\user\AppData\Local\Temp\playwright-java-5618149587187685053\package\lib\server\dispatchers\dispatcher.js:313:22)
}" type="com.microsoft.playwright.PlaywrightException">
      <![CDATA[com.microsoft.playwright.PlaywrightException: Error {
  message='Error: strict mode violation: locator("xpath=//yt-button-shape[@id='subscribe-button-shape']") resolved to 2 elements:
    1) <yt-button-shape version="modern" id="subscribe-button-shape" cla…>…</yt-button-shape> aka locator("#owner #subscribe-button-shape")
    2) <yt-button-shape version="modern" id="subscribe-button-shape" cla…>…</yt-button-shape> aka locator("#meta-contents #subscribe-button-shape")

=========================== logs ===========================
waiting for locator("xpath=//yt-button-shape[@id='subscribe-button-shape']") to be visible
============================================================
  name='Error
  stack='Error: Error: strict mode violation: locator("xpath=//yt-button-shape[@id='subscribe-button-shape']") resolved to 2 elements:
    1) <yt-button-shape version="modern" id="subscribe-button-shape" cla…>…</yt-button-shape> aka locator("#owner #subscribe-button-shape")
    2) <yt-button-shape version="modern" id="subscribe-button-shape" cla…>…</yt-button-shape> aka locator("#meta-contents #subscribe-button-shape")

=========================== logs ===========================
waiting for locator("xpath=//yt-button-shape[@id='subscribe-button-shape']") to be visible
============================================================
    at CRExecutionContext.evaluateWithArguments (C:\Users\user\AppData\Local\Temp\playwright-java-5618149587187685053\package\lib\server\chromium\crExecutionContext.js:92:33)
    at async LongStandingScope._race (C:\Users\user\AppData\Local\Temp\playwright-java-5618149587187685053\package\lib\utils\manualPromise.js:98:14)
    at async evaluateExpression (C:\Users\user\AppData\Local\Temp\playwright-java-5618149587187685053\package\lib\server\javascript.js:241:12)
    at async C:\Users\user\AppData\Local\Temp\playwright-java-5618149587187685053\package\lib\server\frames.js:627:24
    at async Frame.retryWithProgressAndTimeouts (C:\Users\user\AppData\Local\Temp\playwright-java-5618149587187685053\package\lib\server\frames.js:911:24)
    at async ProgressController.run (C:\Users\user\AppData\Local\Temp\playwright-java-5618149587187685053\package\lib\server\progress.js:92:22)
    at async FrameDispatcher.waitForSelector (C:\Users\user\AppData\Local\Temp\playwright-java-5618149587187685053\package\lib\server\dispatchers\frameDispatcher.js:103:85)
    at async DispatcherConnection.dispatch (C:\Users\user\AppData\Local\Temp\playwright-java-5618149587187685053\package\lib\server\dispatchers\dispatcher.js:313:22)
}
at com.microsoft.playwright.impl.WaitableResult.get(WaitableResult.java:54)
at com.microsoft.playwright.impl.ChannelOwner.runUntil(ChannelOwner.java:111)
at com.microsoft.playwright.impl.Connection.sendMessage(Connection.java:126)
at com.microsoft.playwright.impl.ChannelOwner.sendMessage(ChannelOwner.java:102)
at com.microsoft.playwright.impl.FrameImpl.waitForSelectorImpl(FrameImpl.java:1064)
at com.microsoft.playwright.impl.LocatorImpl.lambda$waitForImpl$7(LocatorImpl.java:594)
at com.microsoft.playwright.impl.LoggingSupport.withLogging(LoggingSupport.java:47)
at com.microsoft.playwright.impl.ChannelOwner.withLogging(ChannelOwner.java:87)
at com.microsoft.playwright.impl.LocatorImpl.waitForImpl(LocatorImpl.java:594)
at com.microsoft.playwright.impl.LocatorImpl.waitFor(LocatorImpl.java:590)
at com.microsoft.playwright.Locator.waitFor(Locator.java:5062)
at org.example.pages.SearchPage.getSubscribeButton(SearchPage.java:34)
at org.example.tests.SearchVideoTest.searchVideo(SearchVideoTest.java:24)
at java.base/jdk.internal.reflect.DirectMethodHandleAccessor.invoke(DirectMethodHandleAccessor.java:103)
at java.base/java.lang.reflect.Method.invoke(Method.java:580)
at org.testng.internal.invokers.MethodInvocationHelper.invokeMethod(MethodInvocationHelper.java:139)
at org.testng.internal.invokers.TestInvoker.invokeMethod(TestInvoker.java:664)
at org.testng.internal.invokers.TestInvoker.invokeTestMethod(TestInvoker.java:227)
at org.testng.internal.invokers.MethodRunner.runInSequence(MethodRunner.java:50)
at org.testng.internal.invokers.TestInvoker$MethodInvocationAgent.invoke(TestInvoker.java:957)
at org.testng.internal.invokers.TestInvoker.invokeTestMethods(TestInvoker.java:200)
at org.testng.internal.invokers.TestMethodWorker.invokeTestMethods(TestMethodWorker.java:148)
at org.testng.internal.invokers.TestMethodWorker.run(TestMethodWorker.java:128)
at java.base/java.util.ArrayList.forEach(ArrayList.java:1596)
at org.testng.TestRunner.privateRun(TestRunner.java:848)
at org.testng.TestRunner.run(TestRunner.java:621)
at org.testng.SuiteRunner.runTest(SuiteRunner.java:443)
at org.testng.SuiteRunner.runSequentially(SuiteRunner.java:437)
at org.testng.SuiteRunner.privateRun(SuiteRunner.java:397)
at org.testng.SuiteRunner.run(SuiteRunner.java:336)
at org.testng.SuiteRunnerWorker.runSuite(SuiteRunnerWorker.java:52)
at org.testng.SuiteRunnerWorker.run(SuiteRunnerWorker.java:95)
at org.testng.TestNG.runSuitesSequentially(TestNG.java:1280)
at org.testng.TestNG.runSuitesLocally(TestNG.java:1200)
at org.testng.TestNG.runSuites(TestNG.java:1114)
at org.testng.TestNG.run(TestNG.java:1082)
at org.apache.maven.surefire.testng.TestNGExecutor.run(TestNGExecutor.java:77)
at org.apache.maven.surefire.testng.TestNGDirectoryTestSuite.executeMulti(TestNGDirectoryTestSuite.java:159)
at org.apache.maven.surefire.testng.TestNGDirectoryTestSuite.execute(TestNGDirectoryTestSuite.java:99)
at org.apache.maven.surefire.testng.TestNGProvider.invoke(TestNGProvider.java:106)
at java.base/jdk.internal.reflect.DirectMethodHandleAccessor.invoke(DirectMethodHandleAccessor.java:103)
at java.base/java.lang.reflect.Method.invoke(Method.java:580)
at org.apache.maven.surefire.util.ReflectionUtils.invokeMethodWithArray(ReflectionUtils.java:189)
at org.apache.maven.surefire.booter.ProviderFactory$ProviderProxy.invoke(ProviderFactory.java:165)
at org.apache.maven.surefire.booter.ProviderFactory.invokeProvider(ProviderFactory.java:85)
at org.apache.maven.surefire.booter.ForkedBooter.runSuitesInProcess(ForkedBooter.java:115)
at org.apache.maven.surefire.booter.ForkedBooter.main(ForkedBooter.java:75)
Caused by: com.microsoft.playwright.impl.DriverException: Error {
  message='Error: strict mode violation: locator("xpath=//yt-button-shape[@id='subscribe-button-shape']") resolved to 2 elements:
    1) <yt-button-shape version="modern" id="subscribe-button-shape" cla…>…</yt-button-shape> aka locator("#owner #subscribe-button-shape")
    2) <yt-button-shape version="modern" id="subscribe-button-shape" cla…>…</yt-button-shape> aka locator("#meta-contents #subscribe-button-shape")

=========================== logs ===========================
waiting for locator("xpath=//yt-button-shape[@id='subscribe-button-shape']") to be visible
============================================================
  name='Error
  stack='Error: Error: strict mode violation: locator("xpath=//yt-button-shape[@id='subscribe-button-shape']") resolved to 2 elements:
    1) <yt-button-shape version="modern" id="subscribe-button-shape" cla…>…</yt-button-shape> aka locator("#owner #subscribe-button-shape")
    2) <yt-button-shape version="modern" id="subscribe-button-shape" cla…>…</yt-button-shape> aka locator("#meta-contents #subscribe-button-shape")

=========================== logs ===========================
waiting for locator("xpath=//yt-button-shape[@id='subscribe-button-shape']") to be visible
============================================================
    at CRExecutionContext.evaluateWithArguments (C:\Users\user\AppData\Local\Temp\playwright-java-5618149587187685053\package\lib\server\chromium\crExecutionContext.js:92:33)
    at async LongStandingScope._race (C:\Users\user\AppData\Local\Temp\playwright-java-5618149587187685053\package\lib\utils\manualPromise.js:98:14)
    at async evaluateExpression (C:\Users\user\AppData\Local\Temp\playwright-java-5618149587187685053\package\lib\server\javascript.js:241:12)
    at async C:\Users\user\AppData\Local\Temp\playwright-java-5618149587187685053\package\lib\server\frames.js:627:24
    at async Frame.retryWithProgressAndTimeouts (C:\Users\user\AppData\Local\Temp\playwright-java-5618149587187685053\package\lib\server\frames.js:911:24)
    at async ProgressController.run (C:\Users\user\AppData\Local\Temp\playwright-java-5618149587187685053\package\lib\server\progress.js:92:22)
    at async FrameDispatcher.waitForSelector (C:\Users\user\AppData\Local\Temp\playwright-java-5618149587187685053\package\lib\server\dispatchers\frameDispatcher.js:103:85)
    at async DispatcherConnection.dispatch (C:\Users\user\AppData\Local\Temp\playwright-java-5618149587187685053\package\lib\server\dispatchers\dispatcher.js:313:22)
}
at com.microsoft.playwright.impl.Connection.dispatch(Connection.java:226)
at com.microsoft.playwright.impl.Connection.processOneMessage(Connection.java:206)
at com.microsoft.playwright.impl.ChannelOwner.runUntil(ChannelOwner.java:109)
... 45 more
]]>
    </error>
  </testcase> <!-- searchVideo -->
</testsuite> <!-- org.example.tests.SearchVideoTest -->
