<?xml version="1.0" encoding="UTF-8"?>
<!-- Generated by org.testng.reporters.JUnitReportReporter -->
<testsuite hostname="DESKTOP-7GCLRK2" failures="0" tests="1" name="org.example.tests.Homepage2Test" time="8.784" errors="0" timestamp="2023-11-20T20:07:15 EET" skipped="0">
  <testcase classname="org.example.tests.Homepage2Test" name="verifyHeadingIsVisible" time="8.784"/>
</testsuite> <!-- org.example.tests.Homepage2Test -->
