<?xml version="1.0" encoding="UTF-8"?>
<!-- Generated by org.testng.reporters.JUnitReportReporter -->
<testsuite hostname="DESKTOP-7GCLRK2" failures="0" tests="1" name="org.example.tests.SearchVideoTest" time="11.749" errors="0" timestamp="2023-12-01T23:04:33 EET" skipped="0">
  <testcase classname="org.example.tests.SearchVideoTest" name="searchVideo" time="11.749"/>
</testsuite> <!-- org.example.tests.SearchVideoTest -->
