<?xml version="1.0" encoding="UTF-8"?>
<!-- Generated by org.testng.reporters.JUnitReportReporter -->
<testsuite hostname="DESKTOP-7GCLRK2" failures="0" tests="1" name="org.example.tests.HomepageTest" time="7.748" errors="0" timestamp="2023-12-07T00:03:48 EET" skipped="0">
  <testcase classname="org.example.tests.HomepageTest" name="verifyHeadingIsVisible" time="7.748"/>
</testsuite> <!-- org.example.tests.HomepageTest -->
